<?xml version="1.0" encoding="UTF-8"?>
<!-- Generated by org.testng.reporters.JUnitReportReporter -->
<testsuite hostname="Admin" failures="0" tests="1" name="smaZer_testcases.TC23_Analytics" time="257.055" errors="0" timestamp="2025-05-02T21:18:23 IST" skipped="0">
  <testcase classname="smaZer_testcases.TC23_Analytics" name="removerepair" time="257.055"/>
</testsuite> <!-- smaZer_testcases.TC23_Analytics -->
