<?xml version="1.0" encoding="UTF-8"?>
<!-- Generated by org.testng.reporters.JUnitReportReporter -->
<testsuite hostname="DESKTOP-MN86ODD" failures="0" tests="2" name="smaZer_testcases.TC33_Ble_Factory_Reset" time="277.951" errors="0" timestamp="2025-07-22T21:30:41 IST" skipped="1">
  <testcase classname="smaZer_testcases.TC33_Ble_Factory_Reset" name="TC33_Ble_Without_Router_Factory_Reset" time="148.271"/>
  <testcase classname="smaZer_testcases.TC33_Ble_Factory_Reset" name="TC33_Ble_Without_Router_Factory_Reset" time="129.680">
    <skipped/>
  </testcase> <!-- TC33_Ble_Without_Router_Factory_Reset -->
</testsuite> <!-- smaZer_testcases.TC33_Ble_Factory_Reset -->
