<?xml version="1.0" encoding="UTF-8"?>
<!-- Generated by org.testng.reporters.JUnitReportReporter -->
<testsuite hostname="Admin" failures="0" tests="1" name="smaZer_testcases.TC28_Schedular" time="620.464" errors="0" timestamp="2025-05-02T21:08:17 IST" skipped="0">
  <testcase classname="smaZer_testcases.TC28_Schedular" name="schedule" time="620.464"/>
</testsuite> <!-- smaZer_testcases.TC28_Schedular -->
