<?xml version="1.0" encoding="UTF-8"?>
<!-- Generated by org.testng.reporters.JUnitReportReporter -->
<testsuite hostname="DESKTOP-8HN186T" failures="0" tests="1" name="smaZer_testcases.TC03_SignUp" time="82.229" errors="0" timestamp="2025-02-11T13:24:30 IST" skipped="0">
  <testcase classname="smaZer_testcases.TC03_SignUp" name="signUp" time="82.229"/>
</testsuite> <!-- smaZer_testcases.TC03_SignUp -->
