<?xml version="1.0" encoding="UTF-8"?>
<!-- Generated by org.testng.reporters.JUnitReportReporter -->
<testsuite hostname="DESKTOP-8HN186T" failures="0" tests="1" name="sZephyr_testcases.TC19_DeviceSettings" time="200.305" errors="0" timestamp="2025-02-07T19:43:46 IST" skipped="0">
  <testcase classname="sZephyr_testcases.TC19_DeviceSettings" name="removerepair" time="200.305"/>
</testsuite> <!-- sZephyr_testcases.TC19_DeviceSettings -->
