<?xml version="1.0" encoding="UTF-8"?>
<!-- Generated by org.testng.reporters.JUnitReportReporter -->
<testsuite hostname="DESKTOP-MN86ODD" failures="0" tests="1" name="smaZer_testcases.TC06_SignIn_SuccessFlow" time="50.726" errors="0" timestamp="2025-07-22T21:30:41 IST" skipped="0">
  <testcase classname="smaZer_testcases.TC06_SignIn_SuccessFlow" name="TC06_SignIn_SuccessFlow_Check" time="50.726"/>
</testsuite> <!-- smaZer_testcases.TC06_SignIn_SuccessFlow -->
