<?xml version="1.0" encoding="UTF-8"?>
<!-- Generated by org.testng.reporters.JUnitReportReporter -->
<testsuite hostname="DESKTOP-MN86ODD" failures="0" tests="1" name="smaZer_testcases.TC14_BleWithRouter" time="480.906" errors="0" timestamp="2025-07-22T21:30:41 IST" skipped="0">
  <testcase classname="smaZer_testcases.TC14_BleWithRouter" name="TC14_BlewithRouter_CONNECTIVITY" time="480.906"/>
</testsuite> <!-- smaZer_testcases.TC14_BleWithRouter -->
