<?xml version="1.0" encoding="UTF-8"?>
<!-- Generated by org.testng.reporters.JUnitReportReporter -->
<testsuite hostname="DESKTOP-8HN186T" failures="0" tests="1" name="sZephyr_testcases.TC17_WIfiWithout_router" time="341.734" errors="0" timestamp="2025-02-04T16:45:48 IST" skipped="0">
  <testcase classname="sZephyr_testcases.TC17_WIfiWithout_router" name="removerepair" time="341.734"/>
</testsuite> <!-- sZephyr_testcases.TC17_WIfiWithout_router -->
