<?xml version="1.0" encoding="UTF-8"?>
<!-- Generated by org.testng.reporters.JUnitReportReporter -->
<testsuite hostname="DESKTOP-MN86ODD" failures="0" tests="1" name="smaZer_testcases.TC03_SignUp" time="76.892" errors="0" timestamp="2025-07-22T21:30:41 IST" skipped="0">
  <testcase classname="smaZer_testcases.TC03_SignUp" name="TC03_SignUp_Check" time="76.892"/>
</testsuite> <!-- smaZer_testcases.TC03_SignUp -->
