<?xml version="1.0" encoding="UTF-8"?>
<!-- Generated by org.testng.reporters.JUnitReportReporter -->
<testsuite hostname="DESKTOP-MN86ODD" failures="0" tests="2" name="smaZer_testcases.TC15_SmartConfig" time="1813.510" errors="0" timestamp="2025-07-22T21:30:41 IST" skipped="1">
  <testcase classname="smaZer_testcases.TC15_SmartConfig" name="TC15_SmartConfig_CONNECTIVITY" time="1174.356">
    <skipped/>
  </testcase> <!-- TC15_SmartConfig_CONNECTIVITY -->
  <testcase classname="smaZer_testcases.TC15_SmartConfig" name="TC15_SmartConfig_CONNECTIVITY" time="639.154"/>
</testsuite> <!-- smaZer_testcases.TC15_SmartConfig -->
