<?xml version="1.0" encoding="UTF-8"?>
<!-- Generated by org.testng.reporters.JUnitReportReporter -->
<testsuite hostname="DESKTOP-MN86ODD" failures="0" tests="1" name="smaZer_testcases.TC24_Analytics" time="380.694" errors="0" timestamp="2025-07-22T21:30:41 IST" skipped="0">
  <testcase classname="smaZer_testcases.TC24_Analytics" name="TC_24_Analytics_BLE_without_Router_App_Close" time="380.694"/>
</testsuite> <!-- smaZer_testcases.TC24_Analytics -->
