<?xml version="1.0" encoding="UTF-8"?>
<!-- Generated by org.testng.reporters.JUnitReportReporter -->
<testsuite hostname="DESKTOP-MN86ODD" failures="0" tests="1" name="smaZer_testcases.TC05_SignIn_Valid_User" time="66.698" errors="0" timestamp="2025-07-22T21:30:41 IST" skipped="0">
  <testcase classname="smaZer_testcases.TC05_SignIn_Valid_User" name="TC05_Login_Check_Valid_User" time="66.698"/>
</testsuite> <!-- smaZer_testcases.TC05_SignIn_Valid_User -->
