<?xml version="1.0" encoding="UTF-8"?>
<!-- Generated by org.testng.reporters.JUnitReportReporter -->
<testsuite hostname="DESKTOP-8HN186T" failures="0" tests="1" name="sZephyr_testcases.TC34_smaZer_Info" time="335.359" errors="0" timestamp="2025-02-10T15:56:31 IST" skipped="0">
  <testcase classname="sZephyr_testcases.TC34_smaZer_Info" name="removerepair" time="335.359"/>
</testsuite> <!-- sZephyr_testcases.TC34_smaZer_Info -->
