<?xml version="1.0" encoding="UTF-8"?>
<!-- Generated by org.testng.reporters.JUnitReportReporter -->
<testsuite hostname="DESKTOP-MN86ODD" failures="0" tests="1" name="smaZer_testcases.TC32_Factory_Reset" time="181.437" errors="0" timestamp="2025-08-05T22:23:20 IST" skipped="0">
  <testcase classname="smaZer_testcases.TC32_Factory_Reset" name="TC32_FactoryReset_check" time="181.437"/>
</testsuite> <!-- smaZer_testcases.TC32_Factory_Reset -->
