<?xml version="1.0" encoding="UTF-8"?>
<!-- Generated by org.testng.reporters.JUnitReportReporter -->
<testsuite hostname="DESKTOP-8HN186T" failures="0" tests="1" name="sZephyr_testcases.TC28_Schedular" time="487.706" errors="0" timestamp="2025-02-08T18:40:37 IST" skipped="0">
  <testcase classname="sZephyr_testcases.TC28_Schedular" name="schedule" time="487.706"/>
</testsuite> <!-- sZephyr_testcases.TC28_Schedular -->
