<?xml version="1.0" encoding="UTF-8"?>
<!-- Generated by org.testng.reporters.JUnitReportReporter -->
<testsuite hostname="DESKTOP-MN86ODD" failures="0" tests="1" name="smaZer_testcases.TC19_DeviceSettings" time="232.933" errors="0" timestamp="2025-08-05T19:11:05 IST" skipped="0">
  <testcase classname="smaZer_testcases.TC19_DeviceSettings" name="TC19_DeviceSettings_Add_Router" time="232.933"/>
</testsuite> <!-- smaZer_testcases.TC19_DeviceSettings -->
