<?xml version="1.0" encoding="UTF-8"?>
<!-- Generated by org.testng.reporters.JUnitReportReporter -->
<testsuite hostname="DESKTOP-MN86ODD" failures="0" tests="1" name="smaZer_testcases.TC31_Schedular" time="1019.819" errors="0" timestamp="2025-08-07T13:44:43 IST" skipped="0">
  <testcase classname="smaZer_testcases.TC31_Schedular" name="TC31_Schedular_BLE_Without_Router_App_close" time="1019.819"/>
</testsuite> <!-- smaZer_testcases.TC31_Schedular -->
