<?xml version="1.0" encoding="UTF-8"?>
<!-- Generated by org.testng.reporters.JUnitReportReporter -->
<testsuite hostname="DESKTOP-MN86ODD" failures="0" tests="1" name="smaZer_testcases.TC29_Schedular" time="1113.081" errors="0" timestamp="2025-08-05T21:06:04 IST" skipped="0">
  <testcase classname="smaZer_testcases.TC29_Schedular" name="TC29_Schedular_Smartconfig_app_close" time="1113.081"/>
</testsuite> <!-- smaZer_testcases.TC29_Schedular -->
