<?xml version="1.0" encoding="UTF-8"?>
<!-- Generated by org.testng.reporters.JUnitReportReporter -->
<testsuite hostname="DESKTOP-MN86ODD" failures="0" tests="1" name="smaZer_testcases.TC30_Schedular" time="631.236" errors="0" timestamp="2025-07-22T21:30:41 IST" skipped="0">
  <testcase classname="smaZer_testcases.TC30_Schedular" name="TC30_Schedular_BLE_without_router" time="631.236"/>
</testsuite> <!-- smaZer_testcases.TC30_Schedular -->
