<?xml version="1.0" encoding="UTF-8"?>
<!-- Generated by org.testng.reporters.JUnitReportReporter -->
<testsuite hostname="DESKTOP-8HN186T" failures="0" tests="1" name="sZephyr_testcases.TC14_BleWithRouter" time="688.756" errors="0" timestamp="2025-02-04T15:38:49 IST" skipped="0">
  <testcase classname="sZephyr_testcases.TC14_BleWithRouter" name="removerepair" time="688.756"/>
</testsuite> <!-- sZephyr_testcases.TC14_BleWithRouter -->
