<?xml version="1.0" encoding="UTF-8"?>
<!-- Generated by org.testng.reporters.JUnitReportReporter -->
<testsuite hostname="DESKTOP-MN86ODD" failures="0" tests="2" name="smaZer_testcases.TC01_Accounts_Info" time="399.621" errors="0" timestamp="2025-07-22T21:30:41 IST" skipped="1">
  <testcase classname="smaZer_testcases.TC01_Accounts_Info" name="TC01_Accounts_Info_Check" time="133.465">
    <skipped/>
  </testcase> <!-- TC01_Accounts_Info_Check -->
  <testcase classname="smaZer_testcases.TC01_Accounts_Info" name="TC01_Accounts_Info_Check" time="266.156"/>
</testsuite> <!-- smaZer_testcases.TC01_Accounts_Info -->
