<?xml version="1.0" encoding="UTF-8"?>
<!-- Generated by org.testng.reporters.JUnitReportReporter -->
<testsuite hostname="DESKTOP-8HN186T" failures="0" tests="1" name="sZephyr_testcases.TC22_DeviceSettings" time="110.566" errors="0" timestamp="2025-02-07T20:42:54 IST" skipped="0">
  <testcase classname="sZephyr_testcases.TC22_DeviceSettings" name="removerepair" time="110.566"/>
</testsuite> <!-- sZephyr_testcases.TC22_DeviceSettings -->
