<?xml version="1.0" encoding="UTF-8"?>
<!-- Generated by org.testng.reporters.JUnitReportReporter -->
<testsuite hostname="DESKTOP-8HN186T" failures="0" tests="1" name="smaZer_testcases.TC07_SignIn_Logout" time="177.567" errors="0" timestamp="2025-02-11T13:24:30 IST" skipped="0">
  <testcase classname="smaZer_testcases.TC07_SignIn_Logout" name="login" time="177.567"/>
</testsuite> <!-- smaZer_testcases.TC07_SignIn_Logout -->
