<?xml version="1.0" encoding="UTF-8"?>
<!-- Generated by org.testng.reporters.JUnitReportReporter -->
<testsuite hostname="DESKTOP-MN86ODD" failures="0" tests="1" name="smaZer_testcases.TC08_Pairing_BlewithoutRouter" time="263.238" errors="0" timestamp="2025-07-22T23:14:33 IST" skipped="0">
  <testcase classname="smaZer_testcases.TC08_Pairing_BlewithoutRouter" name="TC08_Pairing_BLE_Without_Router" time="263.238"/>
</testsuite> <!-- smaZer_testcases.TC08_Pairing_BlewithoutRouter -->
