<?xml version="1.0" encoding="UTF-8"?>
<!-- Generated by org.testng.reporters.JUnitReportReporter -->
<testsuite hostname="DESKTOP-8HN186T" failures="0" tests="1" name="smaZer_testcases.TC04_SignIn_Flow" time="40.943" errors="0" timestamp="2025-02-11T13:24:30 IST" skipped="0">
  <testcase classname="smaZer_testcases.TC04_SignIn_Flow" name="signIn" time="40.943"/>
</testsuite> <!-- smaZer_testcases.TC04_SignIn_Flow -->
