<?xml version="1.0" encoding="UTF-8"?>
<!-- Generated by org.testng.reporters.JUnitReportReporter -->
<testsuite hostname="DESKTOP-MN86ODD" failures="0" tests="1" name="smaZer_testcases.TC03_SignUp" time="0.000" errors="0" timestamp="2025-05-06T16:11:13 IST" skipped="1">
  <testcase classname="smaZer_testcases.TC03_SignUp" name="signUp" time="0.000">
    <skipped/>
  </testcase> <!-- signUp -->
</testsuite> <!-- smaZer_testcases.TC03_SignUp -->
