<?xml version="1.0" encoding="UTF-8"?>
<!-- Generated by org.testng.reporters.JUnitReportReporter -->
<testsuite hostname="DESKTOP-8HN186T" failures="0" tests="1" name="sZephyr_testcases.TC09_Pairing_BlewithRouter" time="283.379" errors="0" timestamp="2025-02-04T15:12:37 IST" skipped="0">
  <testcase classname="sZephyr_testcases.TC09_Pairing_BlewithRouter" name="removerepair" time="283.379"/>
</testsuite> <!-- sZephyr_testcases.TC09_Pairing_BlewithRouter -->
