<?xml version="1.0" encoding="UTF-8"?>
<!-- Generated by org.testng.reporters.JUnitReportReporter -->
<testsuite hostname="DESKTOP-MN86ODD" failures="0" tests="1" name="smaZer_testcases.TC21_DeviceSettings" time="250.306" errors="0" timestamp="2025-07-22T23:47:15 IST" skipped="0">
  <testcase classname="smaZer_testcases.TC21_DeviceSettings" name="TC21_DeviceSettings_LED_Quite_Mode" time="250.306"/>
</testsuite> <!-- smaZer_testcases.TC21_DeviceSettings -->
