<?xml version="1.0" encoding="UTF-8"?>
<!-- Generated by org.testng.reporters.JUnitReportReporter -->
<testsuite hostname="DESKTOP-MN86ODD" failures="0" tests="1" name="smaZer_testcases.TC31_Schedular" time="973.395" errors="0" timestamp="2025-07-22T21:30:41 IST" skipped="0">
  <testcase classname="smaZer_testcases.TC31_Schedular" name="TC31_Schedular_BLE_Without_Router_App_close" time="973.395"/>
</testsuite> <!-- smaZer_testcases.TC31_Schedular -->
