<?xml version="1.0" encoding="UTF-8"?>
<!-- Generated by org.testng.reporters.JUnitReportReporter -->
<testsuite hostname="DESKTOP-MN86ODD" failures="0" tests="1" name="smaZer_testcases.TC18_UI_CONNECTIVITY_MOD_0_TC_01_TO_03" time="369.377" errors="0" timestamp="2025-07-22T21:30:41 IST" skipped="0">
  <testcase classname="smaZer_testcases.TC18_UI_CONNECTIVITY_MOD_0_TC_01_TO_03" name="TC18_UI_CONNECTIVITY_MOD_0_TC_01TO03" time="369.377"/>
</testsuite> <!-- smaZer_testcases.TC18_UI_CONNECTIVITY_MOD_0_TC_01_TO_03 -->
