<?xml version="1.0" encoding="UTF-8"?>
<!-- Generated by org.testng.reporters.JUnitReportReporter -->
<testsuite hostname="DESKTOP-MN86ODD" failures="0" tests="1" name="smaZer_testcases.TC26_Analytics" time="347.309" errors="0" timestamp="2025-08-05T20:00:52 IST" skipped="0">
  <testcase classname="smaZer_testcases.TC26_Analytics" name="TC_26_Analytics_Smartconfig_App_close" time="347.309"/>
</testsuite> <!-- smaZer_testcases.TC26_Analytics -->
