<?xml version="1.0" encoding="UTF-8"?>
<!-- Generated by org.testng.reporters.JUnitReportReporter -->
<testsuite hostname="DESKTOP-8HN186T" failures="0" tests="1" name="sZephyr_testcases.TC23_Analytics" time="275.844" errors="0" timestamp="2025-02-08T12:28:04 IST" skipped="0">
  <testcase classname="sZephyr_testcases.TC23_Analytics" name="removerepair" time="275.844"/>
</testsuite> <!-- sZephyr_testcases.TC23_Analytics -->
