<?xml version="1.0" encoding="UTF-8"?>
<!-- Generated by org.testng.reporters.JUnitReportReporter -->
<testsuite hostname="DESKTOP-8HN186T" failures="0" tests="1" name="sZephyr_testcases.TC16_WifiWithRouter" time="397.751" errors="0" timestamp="2025-02-04T18:19:24 IST" skipped="0">
  <testcase classname="sZephyr_testcases.TC16_WifiWithRouter" name="removerepair" time="397.751"/>
</testsuite> <!-- sZephyr_testcases.TC16_WifiWithRouter -->
