<?xml version="1.0" encoding="UTF-8"?>
<!-- Generated by org.testng.reporters.JUnitReportReporter -->
<testsuite hostname="DESKTOP-8HN186T" failures="0" tests="1" name="smaZer_testcases.TC32_Factory_Reset" time="182.303" errors="0" timestamp="2025-02-11T14:25:58 IST" skipped="0">
  <testcase classname="smaZer_testcases.TC32_Factory_Reset" name="removerepair" time="182.303"/>
</testsuite> <!-- smaZer_testcases.TC32_Factory_Reset -->
