<?xml version="1.0" encoding="UTF-8"?>
<!-- Generated by org.testng.reporters.JUnitReportReporter -->
<testsuite hostname="DESKTOP-MN86ODD" failures="0" tests="1" name="smaZer_testcases.TC04_SignIn_Flow" time="37.836" errors="0" timestamp="2025-07-22T21:30:41 IST" skipped="0">
  <testcase classname="smaZer_testcases.TC04_SignIn_Flow" name="TC04_SignIn_Try_SignIn_unregistered_User" time="37.836"/>
</testsuite> <!-- smaZer_testcases.TC04_SignIn_Flow -->
