<?xml version="1.0" encoding="UTF-8"?>
<!-- Generated by org.testng.reporters.JUnitReportReporter -->
<testsuite hostname="DESKTOP-MN86ODD" failures="0" tests="1" name="smaZer_testcases.TC13_BlewithoutRouter" time="197.261" errors="0" timestamp="2025-07-22T21:30:41 IST" skipped="0">
  <testcase classname="smaZer_testcases.TC13_BlewithoutRouter" name="TC13_BlewithoutRouter_CONNECTIVITY" time="197.261"/>
</testsuite> <!-- smaZer_testcases.TC13_BlewithoutRouter -->
