<?xml version="1.0" encoding="UTF-8"?>
<!-- Generated by org.testng.reporters.JUnitReportReporter -->
<testsuite hostname="DESKTOP-MN86ODD" failures="0" tests="1" name="smaZer_testcases.TC33_Ble_Factory_Reset" time="175.492" errors="0" timestamp="2025-08-05T22:28:17 IST" skipped="0">
  <testcase classname="smaZer_testcases.TC33_Ble_Factory_Reset" name="TC33_Ble_Without_Router_Factory_Reset" time="175.492"/>
</testsuite> <!-- smaZer_testcases.TC33_Ble_Factory_Reset -->
