<?xml version="1.0" encoding="UTF-8"?>
<!-- Generated by org.testng.reporters.JUnitReportReporter -->
<testsuite hostname="DESKTOP-8HN186T" failures="0" tests="1" name="sZephyr_testcases.TC26_Analytics" time="352.143" errors="0" timestamp="2025-02-08T14:20:29 IST" skipped="0">
  <testcase classname="sZephyr_testcases.TC26_Analytics" name="removerepair" time="352.143"/>
</testsuite> <!-- sZephyr_testcases.TC26_Analytics -->
