<?xml version="1.0" encoding="UTF-8"?>
<!-- Generated by org.testng.reporters.JUnitReportReporter -->
<testsuite hostname="DESKTOP-MN86ODD" failures="0" tests="1" name="smaZer_testcases.TC25_Analytics" time="364.357" errors="0" timestamp="2025-07-22T21:30:41 IST" skipped="0">
  <testcase classname="smaZer_testcases.TC25_Analytics" name="TC_25_Analytics_SmartConfig_Mode" time="364.357"/>
</testsuite> <!-- smaZer_testcases.TC25_Analytics -->
